<?xml version="1.0" encoding="UTF-8"?>
<!-- Generated by org.testng.reporters.JUnitXMLReporter -->
<testsuite ignored="0" hostname="DESKTOP-RBEDB73" failures="1" tests="2" name="Test" time="5.525" errors="0" timestamp="29 Nov 2023 15:25:17 GMT">
  <testcase classname="com.requestchain.TC03_POST_Method_Authorization" name="POST_Submit_Auth" time="5.462"/>
  <testcase classname="com.requestchain.TC02_GET_Method_Authorization" name="GET_Submit_Auth" time="0.0">
    <failure type="org.testng.TestNGException" message="
Cannot inject @Test annotated Method [GET_Submit_Auth] with [class java.lang.String].
For more information on native dependency injection please refer to http://testng.org/doc/documentation-main.html#native-dependency-injection">
      <![CDATA[org.testng.TestNGException: 
Cannot inject @Test annotated Method [GET_Submit_Auth] with [class java.lang.String].
For more information on native dependency injection please refer to http://testng.org/doc/documentation-main.html#native-dependency-injection
... Removed 24 stack frames]]>
    </failure>
  </testcase> <!-- GET_Submit_Auth -->
</testsuite> <!-- Test -->
